<?xml version="1.0" encoding="UTF-8"?>
<testng-results skipped="0" failed="0" ignored="0" total="2" passed="2">
  <reporter-output>
  </reporter-output>
  <suite name="Suite" duration-ms="60072" started-at="2023-10-28T11:06:45 IST" finished-at="2023-10-28T11:07:45 IST">
    <groups>
    </groups>
    <test name="Test" duration-ms="60072" started-at="2023-10-28T11:06:45 IST" finished-at="2023-10-28T11:07:45 IST">
      <class name="Assignment.TestNG">
        <test-method status="PASS" signature="preCondition()[pri:0, instance:Assignment.TestNG@4a87761d]" name="preCondition" is-config="true" duration-ms="19994" started-at="2023-10-28T11:06:45 IST" finished-at="2023-10-28T11:07:05 IST">
          <reporter-output>
          </reporter-output>
        </test-method> <!-- preCondition -->
        <test-method status="PASS" signature="verifyProductsPage()[pri:0, instance:Assignment.TestNG@4a87761d]" name="verifyProductsPage" duration-ms="5026" started-at="2023-10-28T11:07:05 IST" finished-at="2023-10-28T11:07:10 IST">
          <reporter-output>
          </reporter-output>
        </test-method> <!-- verifyProductsPage -->
        <test-method status="PASS" signature="preCondition()[pri:0, instance:Assignment.TestNG@4a87761d]" name="preCondition" is-config="true" duration-ms="22765" started-at="2023-10-28T11:07:10 IST" finished-at="2023-10-28T11:07:33 IST">
          <reporter-output>
          </reporter-output>
        </test-method> <!-- preCondition -->
        <test-method status="PASS" signature="verifyRequestDemoPage()[pri:0, instance:Assignment.TestNG@4a87761d]" name="verifyRequestDemoPage" duration-ms="12225" started-at="2023-10-28T11:07:33 IST" finished-at="2023-10-28T11:07:45 IST">
          <reporter-output>
          </reporter-output>
        </test-method> <!-- verifyRequestDemoPage -->
      </class> <!-- Assignment.TestNG -->
    </test> <!-- Test -->
  </suite> <!-- Suite -->
</testng-results>
