<?xml version="1.0" encoding="UTF-8"?>
<testng-results skipped="0" failed="0" ignored="0" total="2" passed="2">
  <reporter-output>
  </reporter-output>
  <suite name="Suite" duration-ms="198299" started-at="2023-10-30T22:41:39 IST" finished-at="2023-10-30T22:44:57 IST">
    <groups>
    </groups>
    <test name="Test" duration-ms="198299" started-at="2023-10-30T22:41:39 IST" finished-at="2023-10-30T22:44:57 IST">
      <class name="Assignment.TestNG">
        <test-method status="PASS" signature="preCondition()[pri:0, instance:Assignment.TestNG@33c7e1bb]" name="preCondition" is-config="true" duration-ms="117844" started-at="2023-10-30T22:41:39 IST" finished-at="2023-10-30T22:43:37 IST">
          <reporter-output>
          </reporter-output>
        </test-method> <!-- preCondition -->
        <test-method status="PASS" signature="verifyProductsPage()[pri:0, instance:Assignment.TestNG@33c7e1bb]" name="verifyProductsPage" duration-ms="17406" started-at="2023-10-30T22:43:37 IST" finished-at="2023-10-30T22:43:54 IST">
          <reporter-output>
          </reporter-output>
        </test-method> <!-- verifyProductsPage -->
        <test-method status="PASS" signature="postCondition()[pri:0, instance:Assignment.TestNG@33c7e1bb]" name="postCondition" is-config="true" duration-ms="2267" started-at="2023-10-30T22:43:54 IST" finished-at="2023-10-30T22:43:56 IST">
          <reporter-output>
          </reporter-output>
        </test-method> <!-- postCondition -->
        <test-method status="PASS" signature="preCondition()[pri:0, instance:Assignment.TestNG@33c7e1bb]" name="preCondition" is-config="true" duration-ms="33781" started-at="2023-10-30T22:43:56 IST" finished-at="2023-10-30T22:44:30 IST">
          <reporter-output>
          </reporter-output>
        </test-method> <!-- preCondition -->
        <test-method status="PASS" signature="verifyRequestDemoPage()[pri:0, instance:Assignment.TestNG@33c7e1bb]" name="verifyRequestDemoPage" duration-ms="26054" started-at="2023-10-30T22:44:30 IST" finished-at="2023-10-30T22:44:56 IST">
          <reporter-output>
          </reporter-output>
        </test-method> <!-- verifyRequestDemoPage -->
        <test-method status="PASS" signature="postCondition()[pri:0, instance:Assignment.TestNG@33c7e1bb]" name="postCondition" is-config="true" duration-ms="879" started-at="2023-10-30T22:44:56 IST" finished-at="2023-10-30T22:44:57 IST">
          <reporter-output>
          </reporter-output>
        </test-method> <!-- postCondition -->
      </class> <!-- Assignment.TestNG -->
    </test> <!-- Test -->
  </suite> <!-- Suite -->
</testng-results>
